<?xml version="1.0" encoding="UTF-8"?>
<!-- Generated by org.testng.reporters.JUnitXMLReporter -->
<testsuite hostname="QSP-BTM-ATT" ignored="2" name="TestFirefox" tests="3" failures="0" timestamp="11 Jul 2017 03:57:26 GMT" time="41.105" errors="0">
  <testcase name="testValidLoginLogout" time="4.99" classname="script.ValidLoginLogout"/>
  <testcase name="testInvalidLogin" time="9.816" classname="script.InvalidLogin"/>
  <testcase name="testProductEdition" time="7.736" classname="script.VerifyProductEdition"/>
  <testcase name="@BeforeSuite initFrameWork" time="0.0" classname="generic.BaseTest">
    <ignored/>
  </testcase> <!-- @BeforeSuite initFrameWork -->
  <testcase name="@BeforeSuite initFrameWork" time="0.0" classname="generic.BaseTest">
    <ignored/>
  </testcase> <!-- @BeforeSuite initFrameWork -->
</testsuite> <!-- TestFirefox -->
