<?xml version="1.0" encoding="UTF-8"?>
<!-- Generated by org.testng.reporters.JUnitXMLReporter -->
<testsuite hostname="QSP-BTM-ATT" ignored="2" name="TestChrome" tests="3" failures="0" timestamp="11 Jul 2017 03:56:44 GMT" time="31.216" errors="0">
  <testcase name="testValidLoginLogout" time="3.965" classname="script.ValidLoginLogout"/>
  <testcase name="testInvalidLogin" time="7.049" classname="script.InvalidLogin"/>
  <testcase name="testProductEdition" time="5.2" classname="script.VerifyProductEdition"/>
  <testcase name="@BeforeSuite initFrameWork" time="0.0" classname="generic.BaseTest">
    <ignored/>
  </testcase> <!-- @BeforeSuite initFrameWork -->
  <testcase name="@BeforeSuite initFrameWork" time="0.0" classname="generic.BaseTest">
    <ignored/>
  </testcase> <!-- @BeforeSuite initFrameWork -->
</testsuite> <!-- TestChrome -->
